

*******************************************************************************
Mon May 09 10:52:02 2022


FIT:    data read from "output_A.txt" using 1:2
        format = x:z
        #datapoints = 500
        residuals are weighted equally (unit weight)

function used for fitting: f(x)
	f(n) = b
fitted parameters initialized with current variable values

iter      chisq       delta/lim  lambda   b            
   0 4.9995680840e+02   0.00e+00  1.00e+00    1.000000e+00
   3 2.6808507408e-07  -2.97e-01  1.00e-03    4.319280e-05

After 3 iterations the fit converged.
final sum of squares of residuals : 2.68085e-07
rel. change during last iteration : -2.97185e-06

degrees of freedom    (FIT_NDF)                        : 499
rms of residuals      (FIT_STDFIT) = sqrt(WSSR/ndf)    : 2.31785e-05
variance of residuals (reduced chisquare) = WSSR/ndf   : 5.37245e-10

Final set of parameters            Asymptotic Standard Error
=======================            ==========================
b               = 4.31928e-05      +/- 1.037e-06    (2.4%)


*******************************************************************************
Mon May 09 10:54:37 2022


FIT:    data read from "output_A.txt" using 1:2
        format = x:z
        #datapoints = 500
        residuals are weighted equally (unit weight)

function used for fitting: f(x)
	f(n) = b
fitted parameters initialized with current variable values

iter      chisq       delta/lim  lambda   b            
   0 4.9995821268e+02   0.00e+00  1.00e+00    1.000000e+00
   4 7.5094003800e-09   0.00e+00  1.00e-04    4.178820e-05

After 4 iterations the fit converged.
final sum of squares of residuals : 7.5094e-09
rel. change during last iteration : 0

degrees of freedom    (FIT_NDF)                        : 499
rms of residuals      (FIT_STDFIT) = sqrt(WSSR/ndf)    : 3.87929e-06
variance of residuals (reduced chisquare) = WSSR/ndf   : 1.50489e-11

Final set of parameters            Asymptotic Standard Error
=======================            ==========================
b               = 4.17882e-05      +/- 1.735e-07    (0.4152%)


*******************************************************************************
Mon May 09 10:55:05 2022


FIT:    data read from "output_A.txt" using 1:2
        format = x:z
        #datapoints = 500
        residuals are weighted equally (unit weight)

function used for fitting: f(x)
	f(n) = b
fitted parameters initialized with current variable values

iter      chisq       delta/lim  lambda   b            
   0 4.9995649778e+02   0.00e+00  1.00e+00    1.000000e+00
   4 3.0945194880e-08   0.00e+00  1.00e-04    4.350320e-05

After 4 iterations the fit converged.
final sum of squares of residuals : 3.09452e-08
rel. change during last iteration : 0

degrees of freedom    (FIT_NDF)                        : 499
rms of residuals      (FIT_STDFIT) = sqrt(WSSR/ndf)    : 7.87492e-06
variance of residuals (reduced chisquare) = WSSR/ndf   : 6.20144e-11

Final set of parameters            Asymptotic Standard Error
=======================            ==========================
b               = 4.35032e-05      +/- 3.522e-07    (0.8095%)


*******************************************************************************
Mon May 09 10:55:13 2022


FIT:    data read from "output_A.txt" using 1:2
        format = x:z
        #datapoints = 500
        residuals are weighted equally (unit weight)

function used for fitting: f(x)
	f(n) = b
fitted parameters initialized with current variable values

iter      chisq       delta/lim  lambda   b            
   0 4.9995736598e+02   0.00e+00  1.00e+00    1.000000e+00
   4 7.0823857500e-08   0.00e+00  1.00e-04    4.263500e-05

After 4 iterations the fit converged.
final sum of squares of residuals : 7.08239e-08
rel. change during last iteration : 0

degrees of freedom    (FIT_NDF)                        : 499
rms of residuals      (FIT_STDFIT) = sqrt(WSSR/ndf)    : 1.19135e-05
variance of residuals (reduced chisquare) = WSSR/ndf   : 1.41932e-10

Final set of parameters            Asymptotic Standard Error
=======================            ==========================
b               = 4.2635e-05       +/- 5.328e-07    (1.25%)


*******************************************************************************
Mon May 09 10:55:24 2022


FIT:    data read from "output_A.txt" using 1:2
        format = x:z
        #datapoints = 500
        residuals are weighted equally (unit weight)

function used for fitting: f(x)
	f(n) = b
fitted parameters initialized with current variable values

iter      chisq       delta/lim  lambda   b            
   0 4.9995906245e+02   0.00e+00  1.00e+00    1.000000e+00
   4 1.4214662720e-08   0.00e+00  1.00e-04    4.093840e-05

After 4 iterations the fit converged.
final sum of squares of residuals : 1.42147e-08
rel. change during last iteration : 0

degrees of freedom    (FIT_NDF)                        : 499
rms of residuals      (FIT_STDFIT) = sqrt(WSSR/ndf)    : 5.33726e-06
variance of residuals (reduced chisquare) = WSSR/ndf   : 2.84863e-11

Final set of parameters            Asymptotic Standard Error
=======================            ==========================
b               = 4.09384e-05      +/- 2.387e-07    (0.583%)


*******************************************************************************
Mon May 09 10:55:37 2022


FIT:    data read from "output_A.txt" using 1:2
        format = x:z
        #datapoints = 500
        residuals are weighted equally (unit weight)

function used for fitting: f(x)
	f(n) = b
fitted parameters initialized with current variable values

iter      chisq       delta/lim  lambda   b            
   0 4.9995920945e+02   0.00e+00  1.00e+00    1.000000e+00
   4 2.0864153020e-08   0.00e+00  1.00e-04    4.079140e-05

After 4 iterations the fit converged.
final sum of squares of residuals : 2.08642e-08
rel. change during last iteration : 0

degrees of freedom    (FIT_NDF)                        : 499
rms of residuals      (FIT_STDFIT) = sqrt(WSSR/ndf)    : 6.46621e-06
variance of residuals (reduced chisquare) = WSSR/ndf   : 4.18119e-11

Final set of parameters            Asymptotic Standard Error
=======================            ==========================
b               = 4.07914e-05      +/- 2.892e-07    (0.7089%)


*******************************************************************************
Mon May 09 10:55:55 2022


FIT:    data read from "output_A.txt" using 1:2
        format = x:z
        #datapoints = 500
        residuals are weighted equally (unit weight)

function used for fitting: f(x)
	f(n) = b + c
fitted parameters initialized with current variable values

iter      chisq       delta/lim  lambda   b             c            
   0 1.9999204748e+03   0.00e+00  1.00e+00    1.000000e+00   1.000000e+00
   4 1.7961225500e-08   0.00e+00  1.00e-04    1.988150e-05   1.988150e-05

After 4 iterations the fit converged.
final sum of squares of residuals : 1.79612e-08
rel. change during last iteration : 0

degrees of freedom    (FIT_NDF)                        : 498
rms of residuals      (FIT_STDFIT) = sqrt(WSSR/ndf)    : 6.00556e-06
variance of residuals (reduced chisquare) = WSSR/ndf   : 3.60667e-11

Final set of parameters            Asymptotic Standard Error
=======================            ==========================
b               = 1.98815e-05      +/- 1.169e+08    (5.881e+14%)
c               = 1.98815e-05      +/- 1.169e+08    (5.881e+14%)

correlation matrix of the fit parameters:
                b      c      
b               1.000 
c              -1.000  1.000 


*******************************************************************************
Mon May 09 10:56:07 2022


FIT:    data read from "output_A.txt" using 1:2
        format = x:z
        #datapoints = 500
        residuals are weighted equally (unit weight)

function used for fitting: f(x)
	f(n) = b
fitted parameters initialized with current variable values

iter      chisq       delta/lim  lambda   b            
   0 4.9995701873e+02   0.00e+00  1.00e+00    1.000000e+00
   4 8.3901315800e-09   0.00e+00  1.00e-04    4.298220e-05

After 4 iterations the fit converged.
final sum of squares of residuals : 8.39013e-09
rel. change during last iteration : 0

degrees of freedom    (FIT_NDF)                        : 499
rms of residuals      (FIT_STDFIT) = sqrt(WSSR/ndf)    : 4.10047e-06
variance of residuals (reduced chisquare) = WSSR/ndf   : 1.68139e-11

Final set of parameters            Asymptotic Standard Error
=======================            ==========================
b               = 4.29822e-05      +/- 1.834e-07    (0.4266%)


*******************************************************************************
Tue May 10 16:28:41 2022


FIT:    data read from "output_A.txt" using 1:2
        format = x:z
        #datapoints = 500
        residuals are weighted equally (unit weight)

function used for fitting: f(x)
	f(n) = b
fitted parameters initialized with current variable values

iter      chisq       delta/lim  lambda   b            
   0 4.9995701873e+02   0.00e+00  1.00e+00    1.000000e+00
   4 8.3901315800e-09   0.00e+00  1.00e-04    4.298220e-05

After 4 iterations the fit converged.
final sum of squares of residuals : 8.39013e-09
rel. change during last iteration : 0

degrees of freedom    (FIT_NDF)                        : 499
rms of residuals      (FIT_STDFIT) = sqrt(WSSR/ndf)    : 4.10047e-06
variance of residuals (reduced chisquare) = WSSR/ndf   : 1.68139e-11

Final set of parameters            Asymptotic Standard Error
=======================            ==========================
b               = 4.29822e-05      +/- 1.834e-07    (0.4266%)


*******************************************************************************
Tue May 10 16:28:51 2022


FIT:    data read from "output_A.txt" using 1:2
        format = x:z
        #datapoints = 500
        residuals are weighted equally (unit weight)

function used for fitting: f(x)
	f(n) = b
fitted parameters initialized with current variable values

iter      chisq       delta/lim  lambda   b            
   0 4.9995838569e+02   0.00e+00  1.00e+00    1.000000e+00
   4 2.2553024480e-08   0.00e+00  1.00e-04    4.161520e-05

After 4 iterations the fit converged.
final sum of squares of residuals : 2.2553e-08
rel. change during last iteration : 0

degrees of freedom    (FIT_NDF)                        : 499
rms of residuals      (FIT_STDFIT) = sqrt(WSSR/ndf)    : 6.72283e-06
variance of residuals (reduced chisquare) = WSSR/ndf   : 4.51964e-11

Final set of parameters            Asymptotic Standard Error
=======================            ==========================
b               = 4.16152e-05      +/- 3.007e-07    (0.7225%)


*******************************************************************************
Tue May 10 16:28:57 2022


FIT:    data read from "output_A.txt" using 1:2
        format = x:z
        #datapoints = 500
        residuals are weighted equally (unit weight)

function used for fitting: f(x)
	f(n) = b
fitted parameters initialized with current variable values

iter      chisq       delta/lim  lambda   b            
   0 4.9996016661e+02   0.00e+00  1.00e+00    1.000000e+00
   4 1.1704365180e-08  -1.41e-11  1.00e-04    3.983420e-05

After 4 iterations the fit converged.
final sum of squares of residuals : 1.17044e-08
rel. change during last iteration : -1.41346e-16

degrees of freedom    (FIT_NDF)                        : 499
rms of residuals      (FIT_STDFIT) = sqrt(WSSR/ndf)    : 4.8431e-06
variance of residuals (reduced chisquare) = WSSR/ndf   : 2.34556e-11

Final set of parameters            Asymptotic Standard Error
=======================            ==========================
b               = 3.98342e-05      +/- 2.166e-07    (0.5437%)


*******************************************************************************
Tue May 10 16:29:19 2022


FIT:    data read from "output_A.txt" using 1:2
        format = x:z
        #datapoints = 500
        residuals are weighted equally (unit weight)

function used for fitting: f(x)
	f(n) = b
fitted parameters initialized with current variable values

iter      chisq       delta/lim  lambda   b            
   0 4.9959919123e+02   0.00e+00  1.00e+00    1.000000e+00
   3 4.7020838592e-07  -1.69e-01  1.00e-03    4.008896e-04

After 3 iterations the fit converged.
final sum of squares of residuals : 4.70208e-07
rel. change during last iteration : -1.69316e-06

degrees of freedom    (FIT_NDF)                        : 499
rms of residuals      (FIT_STDFIT) = sqrt(WSSR/ndf)    : 3.06969e-05
variance of residuals (reduced chisquare) = WSSR/ndf   : 9.42301e-10

Final set of parameters            Asymptotic Standard Error
=======================            ==========================
b               = 0.00040089       +/- 1.373e-06    (0.3424%)


*******************************************************************************
Tue May 10 16:29:30 2022


FIT:    data read from "output_A.txt" using 1:2
        format = x:z
        #datapoints = 500
        residuals are weighted equally (unit weight)

function used for fitting: f(x)
	f(n) = b
fitted parameters initialized with current variable values

iter      chisq       delta/lim  lambda   b            
   0 4.9960723937e+02   0.00e+00  1.00e+00    1.000000e+00
   3 4.1361276038e-07  -1.92e-01  1.00e-03    3.928382e-04

After 3 iterations the fit converged.
final sum of squares of residuals : 4.13613e-07
rel. change during last iteration : -1.92487e-06

degrees of freedom    (FIT_NDF)                        : 499
rms of residuals      (FIT_STDFIT) = sqrt(WSSR/ndf)    : 2.87903e-05
variance of residuals (reduced chisquare) = WSSR/ndf   : 8.28883e-10

Final set of parameters            Asymptotic Standard Error
=======================            ==========================
b               = 0.000392838      +/- 1.288e-06    (0.3278%)


*******************************************************************************
Tue May 10 16:29:35 2022


FIT:    data read from "output_A.txt" using 1:2
        format = x:z
        #datapoints = 500
        residuals are weighted equally (unit weight)

function used for fitting: f(x)
	f(n) = b
fitted parameters initialized with current variable values

iter      chisq       delta/lim  lambda   b            
   0 4.9960102046e+02   0.00e+00  1.00e+00    1.000000e+00
   3 4.3209436392e-07  -1.84e-01  1.00e-03    3.990596e-04

After 3 iterations the fit converged.
final sum of squares of residuals : 4.32094e-07
rel. change during last iteration : -1.84252e-06

degrees of freedom    (FIT_NDF)                        : 499
rms of residuals      (FIT_STDFIT) = sqrt(WSSR/ndf)    : 2.94265e-05
variance of residuals (reduced chisquare) = WSSR/ndf   : 8.65921e-10

Final set of parameters            Asymptotic Standard Error
=======================            ==========================
b               = 0.00039906       +/- 1.316e-06    (0.3298%)


*******************************************************************************
Tue May 10 16:29:55 2022


FIT:    data read from "output_A.txt" using 1:2
        format = x:z
        #datapoints = 500
        residuals are weighted equally (unit weight)

function used for fitting: f(x)
	f(n) = b
fitted parameters initialized with current variable values

iter      chisq       delta/lim  lambda   b            
   0 4.9999160984e+02   0.00e+00  1.00e+00    1.000000e+00
   4 4.0493019800e-09   0.00e+00  1.00e-04    8.390200e-06

After 4 iterations the fit converged.
final sum of squares of residuals : 4.0493e-09
rel. change during last iteration : 0

degrees of freedom    (FIT_NDF)                        : 499
rms of residuals      (FIT_STDFIT) = sqrt(WSSR/ndf)    : 2.84865e-06
variance of residuals (reduced chisquare) = WSSR/ndf   : 8.11483e-12

Final set of parameters            Asymptotic Standard Error
=======================            ==========================
b               = 8.3902e-06       +/- 1.274e-07    (1.518%)


*******************************************************************************
Tue May 10 16:30:25 2022


FIT:    data read from "output_A.txt" using 1:2
        format = x:z
        #datapoints = 500
        residuals are weighted equally (unit weight)

function used for fitting: f(x)
	f(n) = b
fitted parameters initialized with current variable values

iter      chisq       delta/lim  lambda   b            
   0 4.9999195043e+02   0.00e+00  1.00e+00    1.000000e+00
   4 3.7008992000e-10  -1.40e-11  1.00e-04    8.049600e-06

After 4 iterations the fit converged.
final sum of squares of residuals : 3.7009e-10
rel. change during last iteration : -1.39693e-16

degrees of freedom    (FIT_NDF)                        : 499
rms of residuals      (FIT_STDFIT) = sqrt(WSSR/ndf)    : 8.61199e-07
variance of residuals (reduced chisquare) = WSSR/ndf   : 7.41663e-13

Final set of parameters            Asymptotic Standard Error
=======================            ==========================
b               = 8.0496e-06       +/- 3.851e-08    (0.4785%)


*******************************************************************************
Tue May 10 16:30:43 2022


FIT:    data read from "output_A.txt" using 1:2
        format = x:z
        #datapoints = 500
        residuals are weighted equally (unit weight)

function used for fitting: f(x)
	f(n) = b
fitted parameters initialized with current variable values

iter      chisq       delta/lim  lambda   b            
   0 4.9999129244e+02   0.00e+00  1.00e+00    1.000000e+00
   4 3.1252511200e-09   0.00e+00  1.00e-04    8.707600e-06

After 4 iterations the fit converged.
final sum of squares of residuals : 3.12525e-09
rel. change during last iteration : 0

degrees of freedom    (FIT_NDF)                        : 499
rms of residuals      (FIT_STDFIT) = sqrt(WSSR/ndf)    : 2.5026e-06
variance of residuals (reduced chisquare) = WSSR/ndf   : 6.26303e-12

Final set of parameters            Asymptotic Standard Error
=======================            ==========================
b               = 8.7076e-06       +/- 1.119e-07    (1.285%)


*******************************************************************************
Tue May 10 16:30:52 2022


FIT:    data read from "output_A.txt" using 1:2
        format = x:z
        #datapoints = 500
        residuals are weighted equally (unit weight)

function used for fitting: f(x)
	f(n) = b
fitted parameters initialized with current variable values

iter      chisq       delta/lim  lambda   b            
   0 4.9999153224e+02   0.00e+00  1.00e+00    1.000000e+00
   4 5.0127515800e-09   0.00e+00  1.00e-04    8.467800e-06

After 4 iterations the fit converged.
final sum of squares of residuals : 5.01275e-09
rel. change during last iteration : 0

degrees of freedom    (FIT_NDF)                        : 499
rms of residuals      (FIT_STDFIT) = sqrt(WSSR/ndf)    : 3.16948e-06
variance of residuals (reduced chisquare) = WSSR/ndf   : 1.00456e-11

Final set of parameters            Asymptotic Standard Error
=======================            ==========================
b               = 8.4678e-06       +/- 1.417e-07    (1.674%)


*******************************************************************************
Tue May 10 16:31:28 2022


FIT:    data read from "output_A.txt" using 1:2
        format = x:z
        #datapoints = 500
        residuals are weighted equally (unit weight)

function used for fitting: f(x)
	f(n) = b
fitted parameters initialized with current variable values

iter      chisq       delta/lim  lambda   b            
   0 4.9996041719e+02   0.00e+00  1.00e+00    1.000000e+00
   4 9.1896455200e-09   0.00e+00  1.00e-04    3.958360e-05

After 4 iterations the fit converged.
final sum of squares of residuals : 9.18965e-09
rel. change during last iteration : 0

degrees of freedom    (FIT_NDF)                        : 499
rms of residuals      (FIT_STDFIT) = sqrt(WSSR/ndf)    : 4.2914e-06
variance of residuals (reduced chisquare) = WSSR/ndf   : 1.84161e-11

Final set of parameters            Asymptotic Standard Error
=======================            ==========================
b               = 3.95836e-05      +/- 1.919e-07    (0.4848%)


*******************************************************************************
Tue May 10 16:31:50 2022


FIT:    data read from "output_A.txt" using 1:2
        format = x:z
        #datapoints = 500
        residuals are weighted equally (unit weight)

function used for fitting: f(x)
	f(n) = b
fitted parameters initialized with current variable values

iter      chisq       delta/lim  lambda   b            
   0 4.9995888646e+02   0.00e+00  1.00e+00    1.000000e+00
   4 1.8687396320e-08   0.00e+00  1.00e-04    4.111440e-05

After 4 iterations the fit converged.
final sum of squares of residuals : 1.86874e-08
rel. change during last iteration : 0

degrees of freedom    (FIT_NDF)                        : 499
rms of residuals      (FIT_STDFIT) = sqrt(WSSR/ndf)    : 6.11962e-06
variance of residuals (reduced chisquare) = WSSR/ndf   : 3.74497e-11

Final set of parameters            Asymptotic Standard Error
=======================            ==========================
b               = 4.11144e-05      +/- 2.737e-07    (0.6656%)


*******************************************************************************
Tue May 10 16:33:20 2022


FIT:    data read from "output_A.txt" using 1:2
        format = x:z
        #datapoints = 500
        residuals are weighted equally (unit weight)

function used for fitting: f(x)
	f(n) = b
fitted parameters initialized with current variable values

iter      chisq       delta/lim  lambda   b            
   0 4.9995772090e+02   0.00e+00  1.00e+00    1.000000e+00
   4 8.9595400000e-09   0.00e+00  1.00e-04    4.228000e-05

After 4 iterations the fit converged.
final sum of squares of residuals : 8.95954e-09
rel. change during last iteration : 0

degrees of freedom    (FIT_NDF)                        : 499
rms of residuals      (FIT_STDFIT) = sqrt(WSSR/ndf)    : 4.23733e-06
variance of residuals (reduced chisquare) = WSSR/ndf   : 1.7955e-11

Final set of parameters            Asymptotic Standard Error
=======================            ==========================
b               = 4.228e-05        +/- 1.895e-07    (0.4482%)
